*** Starting uWSGI 2.0.17.1 (64bit) on [Wed Dec  5 21:16:00 2018] ***
compiled with version: 6.4.0 on 25 November 2018 19:55:33
os: Linux-4.9.93-linuxkit-aufs #1 SMP Wed Jun 6 16:55:56 UTC 2018
nodename: 7bda0b956562
machine: x86_64
clock source: unix
detected number of CPU cores: 2
current working directory: /dach
detected binary path: /usr/local/bin/uwsgi
!!! no internal routing support, rebuild with pcre support !!!
uWSGI running as root, you can use --uid/--gid/--chroot options
*** WARNING: you are running uWSGI as root !!! (use the --uid flag) *** 
chdir() to /dach/dach
your memory page size is 4096 bytes
detected max file descriptor number: 1048576
lock engine: pthread robust mutexes
thunder lock: disabled (you can enable it with --thunder-lock)
uwsgi socket 0 bound to TCP address :8000 fd 3
uWSGI running as root, you can use --uid/--gid/--chroot options
*** WARNING: you are running uWSGI as root !!! (use the --uid flag) *** 
Python version: 3.7.1 (default, Nov 16 2018, 06:29:01)  [GCC 6.4.0]
Python main interpreter initialized at 0x5623b6a05320
uWSGI running as root, you can use --uid/--gid/--chroot options
*** WARNING: you are running uWSGI as root !!! (use the --uid flag) *** 
python threads support enabled
your server socket listen backlog is limited to 100 connections
your mercy for graceful operations on workers is 60 seconds
mapped 500256 bytes (488 KB) for 10 cores
*** Operational MODE: preforking+threaded ***
WSGI app 0 (mountpoint='') ready in 0 seconds on interpreter 0x5623b6a05320 pid: 1 (default app)
uWSGI running as root, you can use --uid/--gid/--chroot options
*** WARNING: you are running uWSGI as root !!! (use the --uid flag) *** 
*** uWSGI is running in multiple interpreter mode ***
spawned uWSGI master process (pid: 1)
spawned uWSGI worker 1 (pid: 7, cores: 2)
spawned uWSGI worker 2 (pid: 8, cores: 2)
spawned uWSGI worker 3 (pid: 10, cores: 2)
spawned uWSGI worker 4 (pid: 11, cores: 2)
spawned uWSGI worker 5 (pid: 13, cores: 2)
Invalid HTTP_HOST header: 'localhost:8000'. You may need to add 'localhost' to ALLOWED_HOSTS.
Invalid HTTP_HOST header: 'localhost:8000'. You may need to add 'localhost' to ALLOWED_HOSTS.
Bad Request: /robots.txt
[pid: 10|app: 0|req: 1/1] 172.18.0.1 () {30 vars in 486 bytes} [Fri Dec  7 20:46:34 2018] GET /robots.txt => generated 54209 bytes in 113 msecs (HTTP/1.1 400) 1 headers in 53 bytes (1 switches on core 0)
Bad Request: /o/applications/
[pid: 13|app: 0|req: 1/2] 172.18.0.1 () {34 vars in 681 bytes} [Fri Dec  7 20:46:34 2018] GET /o/applications/ => generated 54990 bytes in 145 msecs (HTTP/1.1 400) 1 headers in 53 bytes (1 switches on core 1)
Invalid HTTP_HOST header: 'localhost:8000'. You may need to add 'localhost' to ALLOWED_HOSTS.
Bad Request: /favicon.ico
[pid: 13|app: 0|req: 2/3] 172.18.0.1 () {34 vars in 645 bytes} [Fri Dec  7 20:46:35 2018] GET /favicon.ico => generated 54914 bytes in 41 msecs (HTTP/1.1 400) 1 headers in 53 bytes (1 switches on core 0)
Invalid HTTP_HOST header: 'localhost:8000'. You may need to add 'localhost' to ALLOWED_HOSTS.
Bad Request: /o/token/
[pid: 13|app: 0|req: 3/4] 172.18.0.1 () {30 vars in 405 bytes} [Sat Dec  8 17:58:06 2018] POST /o/token/ => generated 54681 bytes in 30 msecs (HTTP/1.1 400) 1 headers in 53 bytes (1 switches on core 1)
*** Starting uWSGI 2.0.17.1 (64bit) on [Thu Dec 20 19:55:31 2018] ***
*** Starting uWSGI 2.0.17.1 (64bit) on [Thu Dec 20 20:10:05 2018] ***
compiled with version: 6.4.0 on 20 December 2018 18:50:16
os: Linux-4.9.93-linuxkit-aufs #1 SMP Wed Jun 6 16:55:56 UTC 2018
nodename: 84e456b799e9
machine: x86_64
clock source: unix
detected number of CPU cores: 2
current working directory: /dach
detected binary path: /usr/local/bin/uwsgi
!!! no internal routing support, rebuild with pcre support !!!
uWSGI running as root, you can use --uid/--gid/--chroot options
*** WARNING: you are running uWSGI as root !!! (use the --uid flag) *** 
chdir() to /dach/dach
your memory page size is 4096 bytes
detected max file descriptor number: 1048576
lock engine: pthread robust mutexes
thunder lock: disabled (you can enable it with --thunder-lock)
uwsgi socket 0 bound to TCP address :8000 fd 3
uWSGI running as root, you can use --uid/--gid/--chroot options
*** WARNING: you are running uWSGI as root !!! (use the --uid flag) *** 
Python version: 3.6.7 (default, Nov 16 2018, 06:52:39)  [GCC 6.4.0]
*** Starting uWSGI 2.0.17.1 (64bit) on [Thu Dec 27 11:47:36 2018] ***
*** Starting uWSGI 2.0.17.1 (64bit) on [Thu Dec 27 13:27:22 2018] ***
compiled with version: 6.4.0 on 20 December 2018 18:50:16
os: Linux-4.9.93-linuxkit-aufs #1 SMP Wed Jun 6 16:55:56 UTC 2018
nodename: b54b51fd0a3c
machine: x86_64
clock source: unix
detected number of CPU cores: 2
current working directory: /dach
detected binary path: /usr/local/bin/uwsgi
!!! no internal routing support, rebuild with pcre support !!!
uWSGI running as root, you can use --uid/--gid/--chroot options
*** WARNING: you are running uWSGI as root !!! (use the --uid flag) *** 
chdir() to /dach/dach
your memory page size is 4096 bytes
detected max file descriptor number: 1048576
lock engine: pthread robust mutexes
thunder lock: disabled (you can enable it with --thunder-lock)
uwsgi socket 0 bound to TCP address :8000 fd 3
uWSGI running as root, you can use --uid/--gid/--chroot options
*** WARNING: you are running uWSGI as root !!! (use the --uid flag) *** 
Python version: 3.6.7 (default, Nov 16 2018, 06:52:39)  [GCC 6.4.0]
*** Starting uWSGI 2.0.17.1 (64bit) on [Thu Dec 27 15:29:59 2018] ***
compiled with version: 6.4.0 on 20 December 2018 18:50:16
os: Linux-4.9.93-linuxkit-aufs #1 SMP Wed Jun 6 16:55:56 UTC 2018
nodename: b54b51fd0a3c
machine: x86_64
clock source: unix
detected number of CPU cores: 2
current working directory: /dach
detected binary path: /usr/local/bin/uwsgi
!!! no internal routing support, rebuild with pcre support !!!
uWSGI running as root, you can use --uid/--gid/--chroot options
*** WARNING: you are running uWSGI as root !!! (use the --uid flag) *** 
chdir() to /dach/dach
your memory page size is 4096 bytes
detected max file descriptor number: 1048576
lock engine: pthread robust mutexes
thunder lock: disabled (you can enable it with --thunder-lock)
*** Starting uWSGI 2.0.17.1 (64bit) on [Thu Dec 27 17:01:23 2018] ***
compiled with version: 6.4.0 on 20 December 2018 18:50:16
os: Linux-4.9.93-linuxkit-aufs #1 SMP Wed Jun 6 16:55:56 UTC 2018
nodename: b54b51fd0a3c
machine: x86_64
clock source: unix
detected number of CPU cores: 2
current working directory: /dach
detected binary path: /usr/local/bin/uwsgi
!!! no internal routing support, rebuild with pcre support !!!
uWSGI running as root, you can use --uid/--gid/--chroot options
*** WARNING: you are running uWSGI as root !!! (use the --uid flag) *** 
chdir() to /dach/dach
your memory page size is 4096 bytes
detected max file descriptor number: 1048576
lock engine: pthread robust mutexes
thunder lock: disabled (you can enable it with --thunder-lock)
uwsgi socket 0 bound to TCP address :8000 fd 3
uWSGI running as root, you can use --uid/--gid/--chroot options
*** WARNING: you are running uWSGI as root !!! (use the --uid flag) *** 
Python version: 3.6.7 (default, Nov 16 2018, 06:52:39)  [GCC 6.4.0]
*** Starting uWSGI 2.0.17.1 (64bit) on [Thu Dec 27 20:06:18 2018] ***
compiled with version: 6.4.0 on 20 December 2018 18:50:16
os: Linux-4.9.93-linuxkit-aufs #1 SMP Wed Jun 6 16:55:56 UTC 2018
nodename: b54b51fd0a3c
machine: x86_64
clock source: unix
detected number of CPU cores: 2
current working directory: /dach
detected binary path: /usr/local/bin/uwsgi
!!! no internal routing support, rebuild with pcre support !!!
uWSGI running as root, you can use --uid/--gid/--chroot options
*** WARNING: you are running uWSGI as root !!! (use the --uid flag) *** 
chdir() to /dach/dach
your memory page size is 4096 bytes
detected max file descriptor number: 1048576
lock engine: pthread robust mutexes
thunder lock: disabled (you can enable it with --thunder-lock)
uwsgi socket 0 bound to TCP address :8000 fd 3
uWSGI running as root, you can use --uid/--gid/--chroot options
*** WARNING: you are running uWSGI as root !!! (use the --uid flag) *** 
Python version: 3.6.7 (default, Nov 16 2018, 06:52:39)  [GCC 6.4.0]
*** Starting uWSGI 2.0.17.1 (64bit) on [Thu Dec 27 20:14:36 2018] ***
compiled with version: 6.4.0 on 20 December 2018 18:50:16
os: Linux-4.9.93-linuxkit-aufs #1 SMP Wed Jun 6 16:55:56 UTC 2018
nodename: b54b51fd0a3c
machine: x86_64
clock source: unix
detected number of CPU cores: 2
current working directory: /dach
detected binary path: /usr/local/bin/uwsgi
!!! no internal routing support, rebuild with pcre support !!!
uWSGI running as root, you can use --uid/--gid/--chroot options
*** WARNING: you are running uWSGI as root !!! (use the --uid flag) *** 
chdir() to /dach/dach
your memory page size is 4096 bytes
detected max file descriptor number: 1048576
lock engine: pthread robust mutexes
thunder lock: disabled (you can enable it with --thunder-lock)
*** Starting uWSGI 2.0.17.1 (64bit) on [Fri Dec 28 10:14:52 2018] ***
compiled with version: 6.4.0 on 20 December 2018 18:50:16
os: Linux-4.9.93-linuxkit-aufs #1 SMP Wed Jun 6 16:55:56 UTC 2018
nodename: b54b51fd0a3c
machine: x86_64
clock source: unix
detected number of CPU cores: 2
current working directory: /dach
detected binary path: /usr/local/bin/uwsgi
!!! no internal routing support, rebuild with pcre support !!!
uWSGI running as root, you can use --uid/--gid/--chroot options
*** WARNING: you are running uWSGI as root !!! (use the --uid flag) *** 
chdir() to /dach/dach
your memory page size is 4096 bytes
detected max file descriptor number: 1048576
lock engine: pthread robust mutexes
thunder lock: disabled (you can enable it with --thunder-lock)
uwsgi socket 0 bound to TCP address :8000 fd 3
uWSGI running as root, you can use --uid/--gid/--chroot options
*** WARNING: you are running uWSGI as root !!! (use the --uid flag) *** 
Python version: 3.6.7 (default, Nov 16 2018, 06:52:39)  [GCC 6.4.0]
*** Starting uWSGI 2.0.17.1 (64bit) on [Fri Dec 28 12:23:42 2018] ***
compiled with version: 6.4.0 on 20 December 2018 18:50:16
os: Linux-4.9.93-linuxkit-aufs #1 SMP Wed Jun 6 16:55:56 UTC 2018
nodename: b54b51fd0a3c
machine: x86_64
clock source: unix
detected number of CPU cores: 2
current working directory: /dach
detected binary path: /usr/local/bin/uwsgi
!!! no internal routing support, rebuild with pcre support !!!
uWSGI running as root, you can use --uid/--gid/--chroot options
*** WARNING: you are running uWSGI as root !!! (use the --uid flag) *** 
chdir() to /dach/dach
your memory page size is 4096 bytes
detected max file descriptor number: 1048576
lock engine: pthread robust mutexes
thunder lock: disabled (you can enable it with --thunder-lock)
uwsgi socket 0 bound to TCP address :8000 fd 3
uWSGI running as root, you can use --uid/--gid/--chroot options
*** WARNING: you are running uWSGI as root !!! (use the --uid flag) *** 
Python version: 3.6.7 (default, Nov 16 2018, 06:52:39)  [GCC 6.4.0]
*** Starting uWSGI 2.0.17.1 (64bit) on [Fri Dec 28 13:20:49 2018] ***
compiled with version: 6.4.0 on 20 December 2018 18:50:16
os: Linux-4.9.93-linuxkit-aufs #1 SMP Wed Jun 6 16:55:56 UTC 2018
nodename: b54b51fd0a3c
machine: x86_64
clock source: unix
detected number of CPU cores: 2
current working directory: /dach
detected binary path: /usr/local/bin/uwsgi
!!! no internal routing support, rebuild with pcre support !!!
uWSGI running as root, you can use --uid/--gid/--chroot options
*** WARNING: you are running uWSGI as root !!! (use the --uid flag) *** 
chdir() to /dach/dach
your memory page size is 4096 bytes
detected max file descriptor number: 1048576
lock engine: pthread robust mutexes
thunder lock: disabled (you can enable it with --thunder-lock)
*** Starting uWSGI 2.0.17.1 (64bit) on [Fri Dec 28 13:42:38 2018] ***
compiled with version: 6.4.0 on 20 December 2018 18:50:16
os: Linux-4.9.93-linuxkit-aufs #1 SMP Wed Jun 6 16:55:56 UTC 2018
nodename: b54b51fd0a3c
machine: x86_64
clock source: unix
detected number of CPU cores: 2
current working directory: /dach
detected binary path: /usr/local/bin/uwsgi
!!! no internal routing support, rebuild with pcre support !!!
uWSGI running as root, you can use --uid/--gid/--chroot options
*** WARNING: you are running uWSGI as root !!! (use the --uid flag) *** 
chdir() to /dach/dach
your memory page size is 4096 bytes
detected max file descriptor number: 1048576
lock engine: pthread robust mutexes
thunder lock: disabled (you can enable it with --thunder-lock)
uwsgi socket 0 bound to TCP address :8000 fd 3
uWSGI running as root, you can use --uid/--gid/--chroot options
*** WARNING: you are running uWSGI as root !!! (use the --uid flag) *** 
Python version: 3.6.7 (default, Nov 16 2018, 06:52:39)  [GCC 6.4.0]
*** Starting uWSGI 2.0.17.1 (64bit) on [Fri Dec 28 14:03:23 2018] ***
compiled with version: 6.4.0 on 20 December 2018 18:50:16
os: Linux-4.9.93-linuxkit-aufs #1 SMP Wed Jun 6 16:55:56 UTC 2018
nodename: b54b51fd0a3c
machine: x86_64
clock source: unix
detected number of CPU cores: 2
current working directory: /dach
detected binary path: /usr/local/bin/uwsgi
!!! no internal routing support, rebuild with pcre support !!!
uWSGI running as root, you can use --uid/--gid/--chroot options
*** WARNING: you are running uWSGI as root !!! (use the --uid flag) *** 
chdir() to /dach/dach
your memory page size is 4096 bytes
detected max file descriptor number: 1048576
lock engine: pthread robust mutexes
*** Starting uWSGI 2.0.17.1 (64bit) on [Fri Dec 28 15:24:28 2018] ***
compiled with version: 6.4.0 on 20 December 2018 18:50:16
os: Linux-4.9.93-linuxkit-aufs #1 SMP Wed Jun 6 16:55:56 UTC 2018
nodename: b54b51fd0a3c
machine: x86_64
clock source: unix
detected number of CPU cores: 2
current working directory: /dach
detected binary path: /usr/local/bin/uwsgi
!!! no internal routing support, rebuild with pcre support !!!
uWSGI running as root, you can use --uid/--gid/--chroot options
*** WARNING: you are running uWSGI as root !!! (use the --uid flag) *** 
chdir() to /dach/dach
*** Starting uWSGI 2.0.17.1 (64bit) on [Fri Dec 28 15:55:41 2018] ***
compiled with version: 6.4.0 on 20 December 2018 18:50:16
os: Linux-4.9.93-linuxkit-aufs #1 SMP Wed Jun 6 16:55:56 UTC 2018
nodename: b54b51fd0a3c
machine: x86_64
clock source: unix
detected number of CPU cores: 2
current working directory: /dach
detected binary path: /usr/local/bin/uwsgi
!!! no internal routing support, rebuild with pcre support !!!
uWSGI running as root, you can use --uid/--gid/--chroot options
*** WARNING: you are running uWSGI as root !!! (use the --uid flag) *** 
chdir() to /dach/dach
your memory page size is 4096 bytes
detected max file descriptor number: 1048576
lock engine: pthread robust mutexes
thunder lock: disabled (you can enable it with --thunder-lock)
uwsgi socket 0 bound to TCP address :8000 fd 3
uWSGI running as root, you can use --uid/--gid/--chroot options
*** WARNING: you are running uWSGI as root !!! (use the --uid flag) *** 
Python version: 3.6.7 (default, Nov 16 2018, 06:52:39)  [GCC 6.4.0]
*** Starting uWSGI 2.0.17.1 (64bit) on [Fri Dec 28 16:09:18 2018] ***
compiled with version: 6.4.0 on 20 December 2018 18:50:16
os: Linux-4.9.93-linuxkit-aufs #1 SMP Wed Jun 6 16:55:56 UTC 2018
nodename: b54b51fd0a3c
machine: x86_64
clock source: unix
detected number of CPU cores: 2
current working directory: /dach
detected binary path: /usr/local/bin/uwsgi
!!! no internal routing support, rebuild with pcre support !!!
uWSGI running as root, you can use --uid/--gid/--chroot options
*** WARNING: you are running uWSGI as root !!! (use the --uid flag) *** 
chdir() to /dach/dach
your memory page size is 4096 bytes
detected max file descriptor number: 1048576
lock engine: pthread robust mutexes
thunder lock: disabled (you can enable it with --thunder-lock)
uwsgi socket 0 bound to TCP address :8000 fd 3
uWSGI running as root, you can use --uid/--gid/--chroot options
*** WARNING: you are running uWSGI as root !!! (use the --uid flag) *** 
Python version: 3.6.7 (default, Nov 16 2018, 06:52:39)  [GCC 6.4.0]
*** Starting uWSGI 2.0.17.1 (64bit) on [Fri Dec 28 16:38:29 2018] ***
compiled with version: 6.4.0 on 20 December 2018 18:50:16
os: Linux-4.9.93-linuxkit-aufs #1 SMP Wed Jun 6 16:55:56 UTC 2018
nodename: b54b51fd0a3c
machine: x86_64
clock source: unix
detected number of CPU cores: 2
current working directory: /dach
detected binary path: /usr/local/bin/uwsgi
!!! no internal routing support, rebuild with pcre support !!!
uWSGI running as root, you can use --uid/--gid/--chroot options
*** WARNING: you are running uWSGI as root !!! (use the --uid flag) *** 
chdir() to /dach/dach
your memory page size is 4096 bytes
detected max file descriptor number: 1048576
lock engine: pthread robust mutexes
thunder lock: disabled (you can enable it with --thunder-lock)
uwsgi socket 0 bound to TCP address :8000 fd 3
uWSGI running as root, you can use --uid/--gid/--chroot options
*** WARNING: you are running uWSGI as root !!! (use the --uid flag) *** 
Python version: 3.6.7 (default, Nov 16 2018, 06:52:39)  [GCC 6.4.0]
*** Starting uWSGI 2.0.17.1 (64bit) on [Fri Dec 28 18:14:08 2018] ***
compiled with version: 6.4.0 on 20 December 2018 18:50:16
os: Linux-4.9.93-linuxkit-aufs #1 SMP Wed Jun 6 16:55:56 UTC 2018
nodename: b54b51fd0a3c
machine: x86_64
clock source: unix
detected number of CPU cores: 2
current working directory: /dach
detected binary path: /usr/local/bin/uwsgi
!!! no internal routing support, rebuild with pcre support !!!
uWSGI running as root, you can use --uid/--gid/--chroot options
*** WARNING: you are running uWSGI as root !!! (use the --uid flag) *** 
chdir() to /dach/dach
your memory page size is 4096 bytes
detected max file descriptor number: 1048576
lock engine: pthread robust mutexes
thunder lock: disabled (you can enable it with --thunder-lock)
uwsgi socket 0 bound to TCP address :8000 fd 3
uWSGI running as root, you can use --uid/--gid/--chroot options
*** WARNING: you are running uWSGI as root !!! (use the --uid flag) *** 
Python version: 3.6.7 (default, Nov 16 2018, 06:52:39)  [GCC 6.4.0]
*** Starting uWSGI 2.0.17.1 (64bit) on [Fri Dec 28 18:48:26 2018] ***
compiled with version: 6.4.0 on 20 December 2018 18:50:16
os: Linux-4.9.93-linuxkit-aufs #1 SMP Wed Jun 6 16:55:56 UTC 2018
nodename: b54b51fd0a3c
machine: x86_64
clock source: unix
detected number of CPU cores: 2
current working directory: /dach
detected binary path: /usr/local/bin/uwsgi
!!! no internal routing support, rebuild with pcre support !!!
uWSGI running as root, you can use --uid/--gid/--chroot options
*** WARNING: you are running uWSGI as root !!! (use the --uid flag) *** 
chdir() to /dach/dach
your memory page size is 4096 bytes
detected max file descriptor number: 1048576
lock engine: pthread robust mutexes
thunder lock: disabled (you can enable it with --thunder-lock)
uwsgi socket 0 bound to TCP address :8000 fd 3
uWSGI running as root, you can use --uid/--gid/--chroot options
*** WARNING: you are running uWSGI as root !!! (use the --uid flag) *** 
Python version: 3.6.7 (default, Nov 16 2018, 06:52:39)  [GCC 6.4.0]
*** Starting uWSGI 2.0.17.1 (64bit) on [Fri Dec 28 19:20:37 2018] ***
compiled with version: 6.4.0 on 20 December 2018 18:50:16
os: Linux-4.9.93-linuxkit-aufs #1 SMP Wed Jun 6 16:55:56 UTC 2018
nodename: b54b51fd0a3c
machine: x86_64
clock source: unix
detected number of CPU cores: 2
current working directory: /dach
detected binary path: /usr/local/bin/uwsgi
!!! no internal routing support, rebuild with pcre support !!!
uWSGI running as root, you can use --uid/--gid/--chroot options
*** WARNING: you are running uWSGI as root !!! (use the --uid flag) *** 
chdir() to /dach/dach
your memory page size is 4096 bytes
detected max file descriptor number: 1048576
lock engine: pthread robust mutexes
thunder lock: disabled (you can enable it with --thunder-lock)
uwsgi socket 0 bound to TCP address :8000 fd 3
uWSGI running as root, you can use --uid/--gid/--chroot options
*** WARNING: you are running uWSGI as root !!! (use the --uid flag) *** 
Python version: 3.6.7 (default, Nov 16 2018, 06:52:39)  [GCC 6.4.0]
*** Starting uWSGI 2.0.17.1 (64bit) on [Sat Dec 29 17:16:37 2018] ***
compiled with version: 6.4.0 on 20 December 2018 18:50:16
os: Linux-4.9.93-linuxkit-aufs #1 SMP Wed Jun 6 16:55:56 UTC 2018
nodename: b54b51fd0a3c
machine: x86_64
clock source: unix
detected number of CPU cores: 2
current working directory: /dach
detected binary path: /usr/local/bin/uwsgi
!!! no internal routing support, rebuild with pcre support !!!
uWSGI running as root, you can use --uid/--gid/--chroot options
*** WARNING: you are running uWSGI as root !!! (use the --uid flag) *** 
chdir() to /dach/dach
your memory page size is 4096 bytes
detected max file descriptor number: 1048576
lock engine: pthread robust mutexes
thunder lock: disabled (you can enable it with --thunder-lock)
uwsgi socket 0 bound to TCP address :8000 fd 3
uWSGI running as root, you can use --uid/--gid/--chroot options
*** WARNING: you are running uWSGI as root !!! (use the --uid flag) *** 
Python version: 3.6.7 (default, Nov 16 2018, 06:52:39)  [GCC 6.4.0]
*** Starting uWSGI 2.0.17.1 (64bit) on [Sat Dec 29 17:47:44 2018] ***
compiled with version: 6.4.0 on 20 December 2018 18:50:16
os: Linux-4.9.93-linuxkit-aufs #1 SMP Wed Jun 6 16:55:56 UTC 2018
nodename: b54b51fd0a3c
machine: x86_64
clock source: unix
detected number of CPU cores: 2
current working directory: /dach
detected binary path: /usr/local/bin/uwsgi
!!! no internal routing support, rebuild with pcre support !!!
uWSGI running as root, you can use --uid/--gid/--chroot options
*** WARNING: you are running uWSGI as root !!! (use the --uid flag) *** 
chdir() to /dach/dach
your memory page size is 4096 bytes
detected max file descriptor number: 1048576
lock engine: pthread robust mutexes
thunder lock: disabled (you can enable it with --thunder-lock)
uwsgi socket 0 bound to TCP address :8000 fd 3
uWSGI running as root, you can use --uid/--gid/--chroot options
*** WARNING: you are running uWSGI as root !!! (use the --uid flag) *** 
Python version: 3.6.7 (default, Nov 16 2018, 06:52:39)  [GCC 6.4.0]
*** Starting uWSGI 2.0.17.1 (64bit) on [Sat Dec 29 18:39:36 2018] ***
*** Starting uWSGI 2.0.17.1 (64bit) on [Sat Dec 29 21:01:52 2018] ***
*** Starting uWSGI 2.0.17.1 (64bit) on [Sat Dec 29 22:12:27 2018] ***
*** Starting uWSGI 2.0.17.1 (64bit) on [Sat Dec 29 22:30:06 2018] ***
*** Starting uWSGI 2.0.17.1 (64bit) on [Sat Dec 29 23:58:17 2018] ***
compiled with version: 6.4.0 on 20 December 2018 18:50:16
os: Linux-4.9.93-linuxkit-aufs #1 SMP Wed Jun 6 16:55:56 UTC 2018
nodename: b54b51fd0a3c
machine: x86_64
clock source: unix
detected number of CPU cores: 2
current working directory: /dach
detected binary path: /usr/local/bin/uwsgi
!!! no internal routing support, rebuild with pcre support !!!
uWSGI running as root, you can use --uid/--gid/--chroot options
*** WARNING: you are running uWSGI as root !!! (use the --uid flag) *** 
chdir() to /dach/dach
your memory page size is 4096 bytes
detected max file descriptor number: 1048576
lock engine: pthread robust mutexes
thunder lock: disabled (you can enable it with --thunder-lock)
uwsgi socket 0 bound to TCP address :8000 fd 3
uWSGI running as root, you can use --uid/--gid/--chroot options
*** WARNING: you are running uWSGI as root !!! (use the --uid flag) *** 
Python version: 3.6.7 (default, Nov 16 2018, 06:52:39)  [GCC 6.4.0]
*** Starting uWSGI 2.0.17.1 (64bit) on [Sun Dec 30 00:56:23 2018] ***
*** Starting uWSGI 2.0.17.1 (64bit) on [Sun Dec 30 01:47:14 2018] ***
*** Starting uWSGI 2.0.17.1 (64bit) on [Sun Dec 30 18:25:54 2018] ***
*** Starting uWSGI 2.0.17.1 (64bit) on [Thu Jan  3 09:05:43 2019] ***
compiled with version: 6.4.0 on 31 December 2018 19:00:02
os: Linux-4.9.125-linuxkit #1 SMP Fri Sep 7 08:20:28 UTC 2018
nodename: acf2db304e7f
machine: x86_64
clock source: unix
detected number of CPU cores: 2
current working directory: /dach
detected binary path: /usr/local/bin/uwsgi
!!! no internal routing support, rebuild with pcre support !!!
uWSGI running as root, you can use --uid/--gid/--chroot options
*** WARNING: you are running uWSGI as root !!! (use the --uid flag) *** 
chdir() to /dach/dach
your memory page size is 4096 bytes
detected max file descriptor number: 1048576
lock engine: pthread robust mutexes
thunder lock: disabled (you can enable it with --thunder-lock)
uwsgi socket 0 bound to TCP address :8000 fd 3
uWSGI running as root, you can use --uid/--gid/--chroot options
*** WARNING: you are running uWSGI as root !!! (use the --uid flag) *** 
Python version: 3.6.8 (default, Dec 26 2018, 09:17:16)  [GCC 6.4.0]
Python main interpreter initialized at 0x555fda9aabc0
uWSGI running as root, you can use --uid/--gid/--chroot options
*** WARNING: you are running uWSGI as root !!! (use the --uid flag) *** 
python threads support enabled
your server socket listen backlog is limited to 100 connections
your mercy for graceful operations on workers is 60 seconds
mapped 500256 bytes (488 KB) for 10 cores
*** Operational MODE: preforking+threaded ***
WSGI app 0 (mountpoint='') ready in 0 seconds on interpreter 0x555fda9aabc0 pid: 1 (default app)
uWSGI running as root, you can use --uid/--gid/--chroot options
*** WARNING: you are running uWSGI as root !!! (use the --uid flag) *** 
*** uWSGI is running in multiple interpreter mode ***
spawned uWSGI master process (pid: 1)
spawned uWSGI worker 1 (pid: 21, cores: 2)
spawned uWSGI worker 2 (pid: 23, cores: 2)
spawned uWSGI worker 3 (pid: 24, cores: 2)
spawned uWSGI worker 4 (pid: 27, cores: 2)
spawned uWSGI worker 5 (pid: 28, cores: 2)
...brutally killing workers...
worker 1 buried after 1 seconds
worker 2 buried after 1 seconds
worker 3 buried after 1 seconds
worker 4 buried after 1 seconds
worker 5 buried after 1 seconds
binary reloading uWSGI...
chdir() to /dach
closing all non-uwsgi socket fds > 2 (max_fd = 1048576)...
found fd 3 mapped to socket 0 (:8000)
running /usr/local/bin/uwsgi
[uWSGI] getting INI configuration from /dach/uwsgi/uwsgi.ini
*** Starting uWSGI 2.0.17.1 (64bit) on [Thu Jan  3 09:14:20 2019] ***
compiled with version: 6.4.0 on 31 December 2018 19:00:02
os: Linux-4.9.125-linuxkit #1 SMP Fri Sep 7 08:20:28 UTC 2018
nodename: acf2db304e7f
machine: x86_64
clock source: unix
detected number of CPU cores: 2
current working directory: /dach
detected binary path: /usr/local/bin/uwsgi
!!! no internal routing support, rebuild with pcre support !!!
uWSGI running as root, you can use --uid/--gid/--chroot options
*** WARNING: you are running uWSGI as root !!! (use the --uid flag) *** 
chdir() to /dach/dach
your memory page size is 4096 bytes
detected max file descriptor number: 1048576
lock engine: pthread robust mutexes
thunder lock: disabled (you can enable it with --thunder-lock)
uwsgi socket 0 inherited INET address :8000 fd 3
uWSGI running as root, you can use --uid/--gid/--chroot options
*** WARNING: you are running uWSGI as root !!! (use the --uid flag) *** 
Python version: 3.6.8 (default, Dec 26 2018, 09:17:16)  [GCC 6.4.0]
Python main interpreter initialized at 0x55daea692ba0
uWSGI running as root, you can use --uid/--gid/--chroot options
*** WARNING: you are running uWSGI as root !!! (use the --uid flag) *** 
python threads support enabled
your server socket listen backlog is limited to 100 connections
your mercy for graceful operations on workers is 60 seconds
mapped 500256 bytes (488 KB) for 10 cores
*** Operational MODE: preforking+threaded ***
WSGI app 0 (mountpoint='') ready in 1 seconds on interpreter 0x55daea692ba0 pid: 1 (default app)
uWSGI running as root, you can use --uid/--gid/--chroot options
*** WARNING: you are running uWSGI as root !!! (use the --uid flag) *** 
*** uWSGI is running in multiple interpreter mode ***
gracefully (RE)spawned uWSGI master process (pid: 1)
spawned uWSGI worker 1 (pid: 38, cores: 2)
spawned uWSGI worker 2 (pid: 39, cores: 2)
spawned uWSGI worker 3 (pid: 42, cores: 2)
spawned uWSGI worker 4 (pid: 43, cores: 2)
spawned uWSGI worker 5 (pid: 44, cores: 2)
Thu Jan  3 09:14:29 2019 - uWSGI worker 5 screams: UAAAAAAH my master disconnected: i will kill myself !!!
Thu Jan  3 09:14:29 2019 - uWSGI worker 4 screams: UAAAAAAH my master disconnected: i will kill myself !!!
Thu Jan  3 09:14:29 2019 - uWSGI worker 3 screams: UAAAAAAH my master disconnected: i will kill myself !!!
Thu Jan  3 09:14:29 2019 - uWSGI worker 2 screams: UAAAAAAH my master disconnected: i will kill myself !!!
Thu Jan  3 09:14:29 2019 - uWSGI worker 2 screams: UAAAAAAH my master disconnected: i will kill myself !!!
Thu Jan  3 09:14:29 2019 - uWSGI worker 1 screams: UAAAAAAH my master disconnected: i will kill myself !!!
Thu Jan  3 09:14:29 2019 - uWSGI worker 1 screams: UAAAAAAH my master disconnected: i will kill myself !!!
Thu Jan  3 09:14:29 2019 - uWSGI worker 5 screams: UAAAAAAH my master disconnected: i will kill myself !!!
*** Starting uWSGI 2.0.17.1 (64bit) on [Thu Jan  3 09:29:04 2019] ***
compiled with version: 6.4.0 on 31 December 2018 19:00:02
os: Linux-4.9.125-linuxkit #1 SMP Fri Sep 7 08:20:28 UTC 2018
nodename: 4c9a35a65e1a
machine: x86_64
clock source: unix
detected number of CPU cores: 2
current working directory: /dach
detected binary path: /usr/local/bin/uwsgi
!!! no internal routing support, rebuild with pcre support !!!
uWSGI running as root, you can use --uid/--gid/--chroot options
*** WARNING: you are running uWSGI as root !!! (use the --uid flag) *** 
chdir() to /dach/dach
your memory page size is 4096 bytes
detected max file descriptor number: 1048576
lock engine: pthread robust mutexes
thunder lock: disabled (you can enable it with --thunder-lock)
uwsgi socket 0 bound to TCP address :8000 fd 3
uWSGI running as root, you can use --uid/--gid/--chroot options
*** WARNING: you are running uWSGI as root !!! (use the --uid flag) *** 
Python version: 3.6.8 (default, Dec 26 2018, 09:17:16)  [GCC 6.4.0]
Python main interpreter initialized at 0x562ba60e4bc0
uWSGI running as root, you can use --uid/--gid/--chroot options
*** WARNING: you are running uWSGI as root !!! (use the --uid flag) *** 
python threads support enabled
your server socket listen backlog is limited to 100 connections
your mercy for graceful operations on workers is 60 seconds
mapped 500256 bytes (488 KB) for 10 cores
*** Operational MODE: preforking+threaded ***
WSGI app 0 (mountpoint='') ready in 1 seconds on interpreter 0x562ba60e4bc0 pid: 1 (default app)
uWSGI running as root, you can use --uid/--gid/--chroot options
*** WARNING: you are running uWSGI as root !!! (use the --uid flag) *** 
*** uWSGI is running in multiple interpreter mode ***
spawned uWSGI master process (pid: 1)
spawned uWSGI worker 1 (pid: 21, cores: 2)
spawned uWSGI worker 2 (pid: 22, cores: 2)
spawned uWSGI worker 3 (pid: 24, cores: 2)
spawned uWSGI worker 4 (pid: 26, cores: 2)
spawned uWSGI worker 5 (pid: 27, cores: 2)
...brutally killing workers...
worker 1 buried after 1 seconds
worker 2 buried after 1 seconds
worker 3 buried after 1 seconds
worker 4 buried after 1 seconds
worker 5 buried after 1 seconds
binary reloading uWSGI...
chdir() to /dach
closing all non-uwsgi socket fds > 2 (max_fd = 1048576)...
found fd 3 mapped to socket 0 (:8000)
running /usr/local/bin/uwsgi
[uWSGI] getting INI configuration from /dach/uwsgi/uwsgi.ini
*** Starting uWSGI 2.0.17.1 (64bit) on [Thu Jan  3 09:29:33 2019] ***
compiled with version: 6.4.0 on 31 December 2018 19:00:02
os: Linux-4.9.125-linuxkit #1 SMP Fri Sep 7 08:20:28 UTC 2018
nodename: 4c9a35a65e1a
machine: x86_64
clock source: unix
detected number of CPU cores: 2
current working directory: /dach
detected binary path: /usr/local/bin/uwsgi
!!! no internal routing support, rebuild with pcre support !!!
uWSGI running as root, you can use --uid/--gid/--chroot options
*** WARNING: you are running uWSGI as root !!! (use the --uid flag) *** 
chdir() to /dach/dach
your memory page size is 4096 bytes
detected max file descriptor number: 1048576
lock engine: pthread robust mutexes
thunder lock: disabled (you can enable it with --thunder-lock)
uwsgi socket 0 inherited INET address :8000 fd 3
uWSGI running as root, you can use --uid/--gid/--chroot options
*** WARNING: you are running uWSGI as root !!! (use the --uid flag) *** 
Python version: 3.6.8 (default, Dec 26 2018, 09:17:16)  [GCC 6.4.0]
Python main interpreter initialized at 0x55623fbddba0
uWSGI running as root, you can use --uid/--gid/--chroot options
*** WARNING: you are running uWSGI as root !!! (use the --uid flag) *** 
python threads support enabled
your server socket listen backlog is limited to 100 connections
your mercy for graceful operations on workers is 60 seconds
mapped 500256 bytes (488 KB) for 10 cores
*** Operational MODE: preforking+threaded ***
WSGI app 0 (mountpoint='') ready in 1 seconds on interpreter 0x55623fbddba0 pid: 1 (default app)
uWSGI running as root, you can use --uid/--gid/--chroot options
*** WARNING: you are running uWSGI as root !!! (use the --uid flag) *** 
*** uWSGI is running in multiple interpreter mode ***
gracefully (RE)spawned uWSGI master process (pid: 1)
spawned uWSGI worker 1 (pid: 38, cores: 2)
spawned uWSGI worker 2 (pid: 40, cores: 2)
spawned uWSGI worker 3 (pid: 42, cores: 2)
spawned uWSGI worker 4 (pid: 44, cores: 2)
spawned uWSGI worker 5 (pid: 46, cores: 2)
Thu Jan  3 09:29:42 2019 - uWSGI worker 4 screams: UAAAAAAH my master disconnected: i will kill myself !!!
Thu Jan  3 09:29:42 2019 - uWSGI worker 2 screams: UAAAAAAH my master disconnected: i will kill myself !!!
Thu Jan  3 09:29:42 2019 - uWSGI worker 4 screams: UAAAAAAH my master disconnected: i will kill myself !!!
Thu Jan  3 09:29:42 2019 - uWSGI worker 3 screams: UAAAAAAH my master disconnected: i will kill myself !!!
Thu Jan  3 09:29:42 2019 - uWSGI worker 2 screams: UAAAAAAH my master disconnected: i will kill myself !!!
Thu Jan  3 09:29:42 2019 - uWSGI worker 3 screams: UAAAAAAH my master disconnected: i will kill myself !!!
Thu Jan  3 09:29:42 2019 - uWSGI worker 1 screams: UAAAAAAH my master disconnected: i will kill myself !!!
Thu Jan  3 09:29:42 2019 - uWSGI worker 1 screams: UAAAAAAH my master disconnected: i will kill myself !!!
